<?xml version="1.0" encoding="UTF-8"?>
<testsuite name="com.epam.esm.service.impl.GiftCertificateServiceImplTest" tests="15" skipped="0" failures="0" errors="0" timestamp="2021-11-25T16:07:13" hostname="EPBYMINW184A" time="0.141">
  <properties/>
  <testcase name="patchUpdatePositiveTest()" classname="com.epam.esm.service.impl.GiftCertificateServiceImplTest" time="0.049"/>
  <testcase name="findAllPositive()" classname="com.epam.esm.service.impl.GiftCertificateServiceImplTest" time="0.011"/>
  <testcase name="findByIdNotFoundUserException()" classname="com.epam.esm.service.impl.GiftCertificateServiceImplTest" time="0.007"/>
  <testcase name="findByIdIncorrectIdException()" classname="com.epam.esm.service.impl.GiftCertificateServiceImplTest" time="0.005"/>
  <testcase name="savePositiveTest()" classname="com.epam.esm.service.impl.GiftCertificateServiceImplTest" time="0.005"/>
  <testcase name="GiftCertificateValidatorInvalidGiftCertificateDescription()" classname="com.epam.esm.service.impl.GiftCertificateServiceImplTest" time="0.004"/>
  <testcase name="deletePositiveTest()" classname="com.epam.esm.service.impl.GiftCertificateServiceImplTest" time="0.006"/>
  <testcase name="deleteGiftCertificateThrowIncorrectParameterValueExceptionTest()" classname="com.epam.esm.service.impl.GiftCertificateServiceImplTest" time="0.003"/>
  <testcase name="GiftCertificateValidatorInvalidGiftCertificateName()" classname="com.epam.esm.service.impl.GiftCertificateServiceImplTest" time="0.005"/>
  <testcase name="putUpdatePositiveTest()" classname="com.epam.esm.service.impl.GiftCertificateServiceImplTest" time="0.005"/>
  <testcase name="GiftCertificateValidatorInvalidGiftCertificatePrice()" classname="com.epam.esm.service.impl.GiftCertificateServiceImplTest" time="0.006"/>
  <testcase name="findByIdPositiveResult()" classname="com.epam.esm.service.impl.GiftCertificateServiceImplTest" time="0.003"/>
  <testcase name="deleteGiftCertificateThrowResourceNotFoundExceptionTest()" classname="com.epam.esm.service.impl.GiftCertificateServiceImplTest" time="0.004"/>
  <testcase name="patchUpdateEntitiesNotChangedThrowIncorrectParametersExceptionTest()" classname="com.epam.esm.service.impl.GiftCertificateServiceImplTest" time="0.005"/>
  <testcase name="GiftCertificateValidatorInvalidGiftCertificateDuration()" classname="com.epam.esm.service.impl.GiftCertificateServiceImplTest" time="0.005"/>
  <system-out><![CDATA[19:07:11.975 [Test worker] DEBUG org.springframework.test.context.BootstrapUtils - Instantiating CacheAwareContextLoaderDelegate from class [org.springframework.test.context.cache.DefaultCacheAwareContextLoaderDelegate]
19:07:11.985 [Test worker] DEBUG org.springframework.test.context.BootstrapUtils - Instantiating BootstrapContext using constructor [public org.springframework.test.context.support.DefaultBootstrapContext(java.lang.Class,org.springframework.test.context.CacheAwareContextLoaderDelegate)]
19:07:12.013 [Test worker] DEBUG org.springframework.test.context.BootstrapUtils - Instantiating TestContextBootstrapper for test class [com.epam.esm.service.impl.GiftCertificateServiceImplTest] from class [org.springframework.boot.test.context.SpringBootTestContextBootstrapper]
19:07:12.022 [Test worker] INFO org.springframework.boot.test.context.SpringBootTestContextBootstrapper - Neither @ContextConfiguration nor @ContextHierarchy found for test class [com.epam.esm.service.impl.GiftCertificateServiceImplTest], using SpringBootContextLoader
19:07:12.025 [Test worker] DEBUG org.springframework.test.context.support.AbstractContextLoader - Did not detect default resource location for test class [com.epam.esm.service.impl.GiftCertificateServiceImplTest]: class path resource [com/epam/esm/service/impl/GiftCertificateServiceImplTest-context.xml] does not exist
19:07:12.025 [Test worker] DEBUG org.springframework.test.context.support.AbstractContextLoader - Did not detect default resource location for test class [com.epam.esm.service.impl.GiftCertificateServiceImplTest]: class path resource [com/epam/esm/service/impl/GiftCertificateServiceImplTestContext.groovy] does not exist
19:07:12.025 [Test worker] INFO org.springframework.test.context.support.AbstractContextLoader - Could not detect default resource locations for test class [com.epam.esm.service.impl.GiftCertificateServiceImplTest]: no resource found for suffixes {-context.xml, Context.groovy}.
19:07:12.064 [Test worker] DEBUG org.springframework.test.context.support.ActiveProfilesUtils - Could not find an 'annotation declaring class' for annotation type [org.springframework.test.context.ActiveProfiles] and class [com.epam.esm.service.impl.GiftCertificateServiceImplTest]
19:07:12.146 [Test worker] DEBUG org.springframework.boot.test.context.SpringBootTestContextBootstrapper - @TestExecutionListeners is not present for class [com.epam.esm.service.impl.GiftCertificateServiceImplTest]: using defaults.
19:07:12.147 [Test worker] INFO org.springframework.boot.test.context.SpringBootTestContextBootstrapper - Loaded default TestExecutionListener class names from location [META-INF/spring.factories]: [org.springframework.security.test.context.support.WithSecurityContextTestExecutionListener, org.springframework.security.test.context.support.ReactorContextTestExecutionListener, org.springframework.boot.test.autoconfigure.restdocs.RestDocsTestExecutionListener, org.springframework.boot.test.autoconfigure.web.client.MockRestServiceServerResetTestExecutionListener, org.springframework.boot.test.autoconfigure.web.servlet.MockMvcPrintOnlyOnFailureTestExecutionListener, org.springframework.boot.test.autoconfigure.web.servlet.WebDriverTestExecutionListener, org.springframework.boot.test.autoconfigure.webservices.client.MockWebServiceServerTestExecutionListener, org.springframework.boot.test.mock.mockito.MockitoTestExecutionListener, org.springframework.boot.test.mock.mockito.ResetMocksTestExecutionListener, org.springframework.test.context.web.ServletTestExecutionListener, org.springframework.test.context.support.DirtiesContextBeforeModesTestExecutionListener, org.springframework.test.context.event.ApplicationEventsTestExecutionListener, org.springframework.test.context.support.DependencyInjectionTestExecutionListener, org.springframework.test.context.support.DirtiesContextTestExecutionListener, org.springframework.test.context.transaction.TransactionalTestExecutionListener, org.springframework.test.context.jdbc.SqlScriptsTestExecutionListener, org.springframework.test.context.event.EventPublishingTestExecutionListener]
19:07:12.163 [Test worker] INFO org.springframework.boot.test.context.SpringBootTestContextBootstrapper - Using TestExecutionListeners: [org.springframework.test.context.web.ServletTestExecutionListener@61a5f91c, org.springframework.test.context.support.DirtiesContextBeforeModesTestExecutionListener@262f7f93, org.springframework.test.context.event.ApplicationEventsTestExecutionListener@4b763f49, org.springframework.boot.test.mock.mockito.MockitoTestExecutionListener@7308d581, org.springframework.boot.test.autoconfigure.SpringBootDependencyInjectionTestExecutionListener@3d2bafe5, org.springframework.test.context.support.DirtiesContextTestExecutionListener@60259c34, org.springframework.test.context.transaction.TransactionalTestExecutionListener@1ad37b0e, org.springframework.test.context.jdbc.SqlScriptsTestExecutionListener@2f421108, org.springframework.security.test.context.support.WithSecurityContextTestExecutionListener@4f76d782, org.springframework.test.context.event.EventPublishingTestExecutionListener@37e3664, org.springframework.security.test.context.support.ReactorContextTestExecutionListener@274360e, org.springframework.boot.test.autoconfigure.restdocs.RestDocsTestExecutionListener@3d01ad19, org.springframework.boot.test.autoconfigure.web.client.MockRestServiceServerResetTestExecutionListener@44b2b7fc, org.springframework.boot.test.autoconfigure.web.servlet.MockMvcPrintOnlyOnFailureTestExecutionListener@368d7418, org.springframework.boot.test.autoconfigure.web.servlet.WebDriverTestExecutionListener@15eaf081, org.springframework.boot.test.autoconfigure.webservices.client.MockWebServiceServerTestExecutionListener@2533ee40, org.springframework.boot.test.mock.mockito.ResetMocksTestExecutionListener@746fb04d]
19:07:12.168 [Test worker] DEBUG org.springframework.test.context.support.AbstractDirtiesContextTestExecutionListener - Before test class: context [DefaultTestContext@15899d48 testClass = GiftCertificateServiceImplTest, testInstance = [null], testMethod = [null], testException = [null], mergedContextConfiguration = [WebMergedContextConfiguration@10d67503 testClass = GiftCertificateServiceImplTest, locations = '{}', classes = '{class com.epam.esm.config.ServiceConfiguration}', contextInitializerClasses = '[]', activeProfiles = '{}', propertySourceLocations = '{}', propertySourceProperties = '{org.springframework.boot.test.context.SpringBootTestContextBootstrapper=true}', contextCustomizers = set[org.springframework.boot.test.autoconfigure.actuate.metrics.MetricsExportContextCustomizerFactory$DisableMetricExportContextCustomizer@22a30267, org.springframework.boot.test.autoconfigure.properties.PropertyMappingContextCustomizer@0, org.springframework.boot.test.autoconfigure.web.servlet.WebDriverContextCustomizerFactory$Customizer@7af2b173, org.springframework.boot.test.context.filter.ExcludeFilterContextCustomizer@56cbb1e5, org.springframework.boot.test.json.DuplicateJsonObjectContextCustomizerFactory$DuplicateJsonObjectContextCustomizer@a666423, org.springframework.boot.test.mock.mockito.MockitoContextCustomizer@0, org.springframework.boot.test.web.client.TestRestTemplateContextCustomizer@2976e8b7, org.springframework.boot.test.context.SpringBootTestArgs@1, org.springframework.boot.test.context.SpringBootTestWebEnvironment@123da66d], resourceBasePath = 'src/main/webapp', contextLoader = 'org.springframework.boot.test.context.SpringBootContextLoader', parent = [null]], attributes = map['org.springframework.test.context.web.ServletTestExecutionListener.activateListener' -> true]], class annotated with @DirtiesContext [false] with mode [null].
19:07:12.223 [Test worker] DEBUG org.springframework.test.context.support.TestPropertySourceUtils - Adding inlined properties to environment: {spring.jmx.enabled=false, org.springframework.boot.test.context.SpringBootTestContextBootstrapper=true}

  .   ____          _            __ _ _
 /\\ / ___'_ __ _ _(_)_ __  __ _ \ \ \ \
( ( )\___ | '_ | '_| | '_ \/ _` | \ \ \ \
 \\/  ___)| |_)| | | | | || (_| |  ) ) ) )
  '  |____| .__|_| |_|_| |_\__, | / / / /
 =========|_|==============|___/=/_/_/_/
 :: Spring Boot ::                (v2.5.6)

2021-11-25 19:07:12.481  INFO 14584 --- [    Test worker] c.e.e.s.i.GiftCertificateServiceImplTest : Starting GiftCertificateServiceImplTest using Java 16.0.2 on EPBYMINW184A with PID 14584 (started by Nikita_Kosikov in C:\Users\Nikita_Kosikov\IdeaProjects\Gift-Certificate\service)
2021-11-25 19:07:12.484  INFO 14584 --- [    Test worker] c.e.e.s.i.GiftCertificateServiceImplTest : No active profile set, falling back to default profiles: default
2021-11-25 19:07:12.727  INFO 14584 --- [    Test worker] c.e.e.s.i.GiftCertificateServiceImplTest : Started GiftCertificateServiceImplTest in 0.499 seconds (JVM running for 1.527)
]]></system-out>
  <system-err><![CDATA[]]></system-err>
</testsuite>
