<?xml version="1.0" encoding="UTF-8"?>
<testsuite name="com.epam.esm.service.impl.OrderServiceImplTest" tests="8" skipped="0" failures="0" errors="0" timestamp="2021-11-25T16:07:13" hostname="EPBYMINW184A" time="0.041">
  <properties/>
  <testcase name="findByIdNotFoundUserException()" classname="com.epam.esm.service.impl.OrderServiceImplTest" time="0.006"/>
  <testcase name="findByIdIncorrectIdException()" classname="com.epam.esm.service.impl.OrderServiceImplTest" time="0.003"/>
  <testcase name="savePositiveTest()" classname="com.epam.esm.service.impl.OrderServiceImplTest" time="0.006"/>
  <testcase name="OrderValidatorOrderHasNotUserId()" classname="com.epam.esm.service.impl.OrderServiceImplTest" time="0.004"/>
  <testcase name="findAll()" classname="com.epam.esm.service.impl.OrderServiceImplTest" time="0.005"/>
  <testcase name="OrderValidatorOrderHasNotGiftCertificateId()" classname="com.epam.esm.service.impl.OrderServiceImplTest" time="0.003"/>
  <testcase name="findByIdPositiveResult()" classname="com.epam.esm.service.impl.OrderServiceImplTest" time="0.003"/>
  <testcase name="OrderValidatorInvalidPrice()" classname="com.epam.esm.service.impl.OrderServiceImplTest" time="0.004"/>
  <system-out><![CDATA[2021-11-25 19:07:13.427  INFO 14584 --- [    Test worker] .b.t.c.SpringBootTestContextBootstrapper : Neither @ContextConfiguration nor @ContextHierarchy found for test class [com.epam.esm.service.impl.OrderServiceImplTest], using SpringBootContextLoader
2021-11-25 19:07:13.428  INFO 14584 --- [    Test worker] o.s.t.c.support.AbstractContextLoader    : Could not detect default resource locations for test class [com.epam.esm.service.impl.OrderServiceImplTest]: no resource found for suffixes {-context.xml, Context.groovy}.
2021-11-25 19:07:13.432  INFO 14584 --- [    Test worker] .b.t.c.SpringBootTestContextBootstrapper : Loaded default TestExecutionListener class names from location [META-INF/spring.factories]: [org.springframework.security.test.context.support.WithSecurityContextTestExecutionListener, org.springframework.security.test.context.support.ReactorContextTestExecutionListener, org.springframework.boot.test.autoconfigure.restdocs.RestDocsTestExecutionListener, org.springframework.boot.test.autoconfigure.web.client.MockRestServiceServerResetTestExecutionListener, org.springframework.boot.test.autoconfigure.web.servlet.MockMvcPrintOnlyOnFailureTestExecutionListener, org.springframework.boot.test.autoconfigure.web.servlet.WebDriverTestExecutionListener, org.springframework.boot.test.autoconfigure.webservices.client.MockWebServiceServerTestExecutionListener, org.springframework.boot.test.mock.mockito.MockitoTestExecutionListener, org.springframework.boot.test.mock.mockito.ResetMocksTestExecutionListener, org.springframework.test.context.web.ServletTestExecutionListener, org.springframework.test.context.support.DirtiesContextBeforeModesTestExecutionListener, org.springframework.test.context.event.ApplicationEventsTestExecutionListener, org.springframework.test.context.support.DependencyInjectionTestExecutionListener, org.springframework.test.context.support.DirtiesContextTestExecutionListener, org.springframework.test.context.transaction.TransactionalTestExecutionListener, org.springframework.test.context.jdbc.SqlScriptsTestExecutionListener, org.springframework.test.context.event.EventPublishingTestExecutionListener]
2021-11-25 19:07:13.433  INFO 14584 --- [    Test worker] .b.t.c.SpringBootTestContextBootstrapper : Using TestExecutionListeners: [org.springframework.test.context.web.ServletTestExecutionListener@1d153393, org.springframework.test.context.support.DirtiesContextBeforeModesTestExecutionListener@66cd3231, org.springframework.test.context.event.ApplicationEventsTestExecutionListener@5acfd3ba, org.springframework.boot.test.mock.mockito.MockitoTestExecutionListener@505af5ee, org.springframework.boot.test.autoconfigure.SpringBootDependencyInjectionTestExecutionListener@6467dddd, org.springframework.test.context.support.DirtiesContextTestExecutionListener@6bb427da, org.springframework.test.context.transaction.TransactionalTestExecutionListener@4f427b15, org.springframework.test.context.jdbc.SqlScriptsTestExecutionListener@48301296, org.springframework.security.test.context.support.WithSecurityContextTestExecutionListener@1263a778, org.springframework.test.context.event.EventPublishingTestExecutionListener@5823c819, org.springframework.security.test.context.support.ReactorContextTestExecutionListener@4658adb, org.springframework.boot.test.autoconfigure.restdocs.RestDocsTestExecutionListener@4c099c63, org.springframework.boot.test.autoconfigure.web.client.MockRestServiceServerResetTestExecutionListener@43deaafd, org.springframework.boot.test.autoconfigure.web.servlet.MockMvcPrintOnlyOnFailureTestExecutionListener@5fbd19f, org.springframework.boot.test.autoconfigure.web.servlet.WebDriverTestExecutionListener@2d60a0a9, org.springframework.boot.test.autoconfigure.webservices.client.MockWebServiceServerTestExecutionListener@2d8acbe2, org.springframework.boot.test.mock.mockito.ResetMocksTestExecutionListener@1b3505ec]
]]></system-out>
  <system-err><![CDATA[]]></system-err>
</testsuite>
