<?xml version="1.0" encoding="UTF-8"?>
<testsuite name="com.epam.esm.service.impl.TagServiceImplTest" tests="12" skipped="0" failures="0" errors="0" timestamp="2021-11-25T16:07:13" hostname="EPBYMINW184A" time="0.061">
  <properties/>
  <testcase name="patchUpdatePositiveTest()" classname="com.epam.esm.service.impl.TagServiceImplTest" time="0.006"/>
  <testcase name="deleteTagThrowIncorrectParameterValueExceptionTest()" classname="com.epam.esm.service.impl.TagServiceImplTest" time="0.003"/>
  <testcase name="findByIdNotFoundUserException()" classname="com.epam.esm.service.impl.TagServiceImplTest" time="0.004"/>
  <testcase name="findByIdIncorrectIdException()" classname="com.epam.esm.service.impl.TagServiceImplTest" time="0.003"/>
  <testcase name="savePositiveTest()" classname="com.epam.esm.service.impl.TagServiceImplTest" time="0.003"/>
  <testcase name="TagValidatorInvalidUsername()" classname="com.epam.esm.service.impl.TagServiceImplTest" time="0.004"/>
  <testcase name="deletePositiveTest()" classname="com.epam.esm.service.impl.TagServiceImplTest" time="0.006"/>
  <testcase name="findAll()" classname="com.epam.esm.service.impl.TagServiceImplTest" time="0.005"/>
  <testcase name="putUpdatePositiveTest()" classname="com.epam.esm.service.impl.TagServiceImplTest" time="0.004"/>
  <testcase name="findByIdPositiveResult()" classname="com.epam.esm.service.impl.TagServiceImplTest" time="0.004"/>
  <testcase name="deleteTagThrowResourceNotFoundExceptionTest()" classname="com.epam.esm.service.impl.TagServiceImplTest" time="0.004"/>
  <testcase name="patchUpdateEntitiesNotChangedThrowIncorrectParametersExceptionTest()" classname="com.epam.esm.service.impl.TagServiceImplTest" time="0.004"/>
  <system-out><![CDATA[2021-11-25 19:07:13.512  INFO 14584 --- [    Test worker] .b.t.c.SpringBootTestContextBootstrapper : Neither @ContextConfiguration nor @ContextHierarchy found for test class [com.epam.esm.service.impl.TagServiceImplTest], using SpringBootContextLoader
2021-11-25 19:07:13.513  INFO 14584 --- [    Test worker] o.s.t.c.support.AbstractContextLoader    : Could not detect default resource locations for test class [com.epam.esm.service.impl.TagServiceImplTest]: no resource found for suffixes {-context.xml, Context.groovy}.
2021-11-25 19:07:13.516  INFO 14584 --- [    Test worker] .b.t.c.SpringBootTestContextBootstrapper : Loaded default TestExecutionListener class names from location [META-INF/spring.factories]: [org.springframework.security.test.context.support.WithSecurityContextTestExecutionListener, org.springframework.security.test.context.support.ReactorContextTestExecutionListener, org.springframework.boot.test.autoconfigure.restdocs.RestDocsTestExecutionListener, org.springframework.boot.test.autoconfigure.web.client.MockRestServiceServerResetTestExecutionListener, org.springframework.boot.test.autoconfigure.web.servlet.MockMvcPrintOnlyOnFailureTestExecutionListener, org.springframework.boot.test.autoconfigure.web.servlet.WebDriverTestExecutionListener, org.springframework.boot.test.autoconfigure.webservices.client.MockWebServiceServerTestExecutionListener, org.springframework.boot.test.mock.mockito.MockitoTestExecutionListener, org.springframework.boot.test.mock.mockito.ResetMocksTestExecutionListener, org.springframework.test.context.web.ServletTestExecutionListener, org.springframework.test.context.support.DirtiesContextBeforeModesTestExecutionListener, org.springframework.test.context.event.ApplicationEventsTestExecutionListener, org.springframework.test.context.support.DependencyInjectionTestExecutionListener, org.springframework.test.context.support.DirtiesContextTestExecutionListener, org.springframework.test.context.transaction.TransactionalTestExecutionListener, org.springframework.test.context.jdbc.SqlScriptsTestExecutionListener, org.springframework.test.context.event.EventPublishingTestExecutionListener]
2021-11-25 19:07:13.517  INFO 14584 --- [    Test worker] .b.t.c.SpringBootTestContextBootstrapper : Using TestExecutionListeners: [org.springframework.test.context.web.ServletTestExecutionListener@5498005, org.springframework.test.context.support.DirtiesContextBeforeModesTestExecutionListener@6e55e33, org.springframework.test.context.event.ApplicationEventsTestExecutionListener@59cb8804, org.springframework.boot.test.mock.mockito.MockitoTestExecutionListener@6d507982, org.springframework.boot.test.autoconfigure.SpringBootDependencyInjectionTestExecutionListener@24508585, org.springframework.test.context.support.DirtiesContextTestExecutionListener@86843fa, org.springframework.test.context.transaction.TransactionalTestExecutionListener@d66715b, org.springframework.test.context.jdbc.SqlScriptsTestExecutionListener@6394851c, org.springframework.security.test.context.support.WithSecurityContextTestExecutionListener@43c85846, org.springframework.test.context.event.EventPublishingTestExecutionListener@975b456, org.springframework.security.test.context.support.ReactorContextTestExecutionListener@37a7e08a, org.springframework.boot.test.autoconfigure.restdocs.RestDocsTestExecutionListener@70dc2f07, org.springframework.boot.test.autoconfigure.web.client.MockRestServiceServerResetTestExecutionListener@71d74332, org.springframework.boot.test.autoconfigure.web.servlet.MockMvcPrintOnlyOnFailureTestExecutionListener@55249e5a, org.springframework.boot.test.autoconfigure.web.servlet.WebDriverTestExecutionListener@5d0f87c4, org.springframework.boot.test.autoconfigure.webservices.client.MockWebServiceServerTestExecutionListener@4c3a2f75, org.springframework.boot.test.mock.mockito.ResetMocksTestExecutionListener@73f3b13]
]]></system-out>
  <system-err><![CDATA[]]></system-err>
</testsuite>
