<?xml version="1.0" encoding="UTF-8"?>
<testsuite name="com.epam.esm.service.impl.UserServiceImplTest" tests="8" skipped="0" failures="0" errors="0" timestamp="2021-11-25T16:07:13" hostname="EPBYMINW184A" time="0.042">
  <properties/>
  <testcase name="findByIdNotFoundUserException()" classname="com.epam.esm.service.impl.UserServiceImplTest" time="0.006"/>
  <testcase name="findByIdIncorrectIdException()" classname="com.epam.esm.service.impl.UserServiceImplTest" time="0.004"/>
  <testcase name="UserValidatorInvalidPassword()" classname="com.epam.esm.service.impl.UserServiceImplTest" time="0.004"/>
  <testcase name="savePositiveTest()" classname="com.epam.esm.service.impl.UserServiceImplTest" time="0.004"/>
  <testcase name="findAll()" classname="com.epam.esm.service.impl.UserServiceImplTest" time="0.006"/>
  <testcase name="findByUsernamePositiveTest()" classname="com.epam.esm.service.impl.UserServiceImplTest" time="0.004"/>
  <testcase name="findByIdPositiveResult()" classname="com.epam.esm.service.impl.UserServiceImplTest" time="0.004"/>
  <testcase name="UserValidatorInvalidUsername()" classname="com.epam.esm.service.impl.UserServiceImplTest" time="0.004"/>
  <system-out><![CDATA[2021-11-25 19:07:13.612  INFO 14584 --- [    Test worker] .b.t.c.SpringBootTestContextBootstrapper : Neither @ContextConfiguration nor @ContextHierarchy found for test class [com.epam.esm.service.impl.UserServiceImplTest], using SpringBootContextLoader
2021-11-25 19:07:13.613  INFO 14584 --- [    Test worker] o.s.t.c.support.AbstractContextLoader    : Could not detect default resource locations for test class [com.epam.esm.service.impl.UserServiceImplTest]: no resource found for suffixes {-context.xml, Context.groovy}.
2021-11-25 19:07:13.616  INFO 14584 --- [    Test worker] .b.t.c.SpringBootTestContextBootstrapper : Loaded default TestExecutionListener class names from location [META-INF/spring.factories]: [org.springframework.security.test.context.support.WithSecurityContextTestExecutionListener, org.springframework.security.test.context.support.ReactorContextTestExecutionListener, org.springframework.boot.test.autoconfigure.restdocs.RestDocsTestExecutionListener, org.springframework.boot.test.autoconfigure.web.client.MockRestServiceServerResetTestExecutionListener, org.springframework.boot.test.autoconfigure.web.servlet.MockMvcPrintOnlyOnFailureTestExecutionListener, org.springframework.boot.test.autoconfigure.web.servlet.WebDriverTestExecutionListener, org.springframework.boot.test.autoconfigure.webservices.client.MockWebServiceServerTestExecutionListener, org.springframework.boot.test.mock.mockito.MockitoTestExecutionListener, org.springframework.boot.test.mock.mockito.ResetMocksTestExecutionListener, org.springframework.test.context.web.ServletTestExecutionListener, org.springframework.test.context.support.DirtiesContextBeforeModesTestExecutionListener, org.springframework.test.context.event.ApplicationEventsTestExecutionListener, org.springframework.test.context.support.DependencyInjectionTestExecutionListener, org.springframework.test.context.support.DirtiesContextTestExecutionListener, org.springframework.test.context.transaction.TransactionalTestExecutionListener, org.springframework.test.context.jdbc.SqlScriptsTestExecutionListener, org.springframework.test.context.event.EventPublishingTestExecutionListener]
2021-11-25 19:07:13.617  INFO 14584 --- [    Test worker] .b.t.c.SpringBootTestContextBootstrapper : Using TestExecutionListeners: [org.springframework.test.context.web.ServletTestExecutionListener@4fad5fd7, org.springframework.test.context.support.DirtiesContextBeforeModesTestExecutionListener@3c5cf01a, org.springframework.test.context.event.ApplicationEventsTestExecutionListener@1dc95f36, org.springframework.boot.test.mock.mockito.MockitoTestExecutionListener@5712a590, org.springframework.boot.test.autoconfigure.SpringBootDependencyInjectionTestExecutionListener@72e41b42, org.springframework.test.context.support.DirtiesContextTestExecutionListener@29e3f924, org.springframework.test.context.transaction.TransactionalTestExecutionListener@7e8423c1, org.springframework.test.context.jdbc.SqlScriptsTestExecutionListener@3c7837a4, org.springframework.security.test.context.support.WithSecurityContextTestExecutionListener@6e941562, org.springframework.test.context.event.EventPublishingTestExecutionListener@5888eb4d, org.springframework.security.test.context.support.ReactorContextTestExecutionListener@74d51b6, org.springframework.boot.test.autoconfigure.restdocs.RestDocsTestExecutionListener@7af583ec, org.springframework.boot.test.autoconfigure.web.client.MockRestServiceServerResetTestExecutionListener@3404b6d5, org.springframework.boot.test.autoconfigure.web.servlet.MockMvcPrintOnlyOnFailureTestExecutionListener@2bc9f19b, org.springframework.boot.test.autoconfigure.web.servlet.WebDriverTestExecutionListener@4664c5b5, org.springframework.boot.test.autoconfigure.webservices.client.MockWebServiceServerTestExecutionListener@1058d476, org.springframework.boot.test.mock.mockito.ResetMocksTestExecutionListener@17b7ab6]
]]></system-out>
  <system-err><![CDATA[]]></system-err>
</testsuite>
